<?xml version="1.0" encoding="UTF-8"?>
<!-- Generated by org.testng.reporters.JUnitReportReporter -->
<testsuite hostname="DESKTOP-I6282SK" failures="0" tests="1" name="com.orangehrm.testcases.TC_03_PIM_Search" time="112.203" errors="0" timestamp="02 Sep 2024 06:05:24 GMT" skipped="0">
  <testcase classname="com.orangehrm.testcases.TC_03_PIM_Search" name="PIMSearch" time="112.203"/>
</testsuite> <!-- com.orangehrm.testcases.TC_03_PIM_Search -->
